SIC SIMULATOR V1.6
File names are:
loader                                 
DEVF1                                  
DEVF2                                  
DEVF3                                  
DEV04                                  
DEV05                                  
DEV06                                  
COMMAND: A(CCEPT file names, R(ENAME 1 or more files
r
loader                                 
DEVF1                                  
Project2.obj
DEVF2                                  
DEVF3                                  
DEV04                                  
DEV05                                  
DEV06                                  
File names are:
loader                                 
Project2.obj                           
DEVF2                                  
DEVF3                                  
DEV04                                  
DEV05                                  
DEV06                                  
COMMAND: A(CCEPT file names, R(ENAME 1 or more files
a

COMMAND: S(TART, R(UN, E(NTER, D(UMP, H(COUNT, B(KPT, F(ILES, T(RACE, Q(UIT?
s

COMMAND: S(TART, R(UN, E(NTER, D(UMP, H(COUNT, B(KPT, F(ILES, T(RACE, Q(UIT?
b 1B5

COMMAND: S(TART, R(UN, E(NTER, D(UMP, H(COUNT, B(KPT, F(ILES, T(RACE, Q(UIT?
r
  1000 INSTRUCTIONS EXECUTED
P=000071

COMMAND: S(TART, R(UN, E(NTER, D(UMP, H(COUNT, B(KPT, F(ILES, T(RACE, Q(UIT?
d 100-170

0100 01000075 001E0500 0090016F A0161900
0110 03FFFFFF FFFFFFFF FFFFFFFF FFFFFFFF
0120 FFFFFFFF FFFFFFFF FFFFFFFF FFFFFFFF
0130 FFFFFFFF FFFFFFFF FFFFFFFF FFFFFFFF
0140 FFFFFFFF FFFFFFFF FFFFFFFF FFFFFFFF
0150 FFFFFFFF FFFFFFFF FFFFFFFF FFFFFFFF
0160 FFFFFFFF FFFFFFFF FFFFFFFF FFFFFFFF
0170 FFFFFFFF FFFFFFFF FFFFFFFF FFFFFFFF

COMMAND: S(TART, R(UN, E(NTER, D(UMP, H(COUNT, B(KPT, F(ILES, T(RACE, Q(UIT?
b 1AF

COMMAND: S(TART, R(UN, E(NTER, D(UMP, H(COUNT, B(KPT, F(ILES, T(RACE, Q(UIT?
r
  1000 INSTRUCTIONS EXECUTED
P=00004B

COMMAND: S(TART, R(UN, E(NTER, D(UMP, H(COUNT, B(KPT, F(ILES, T(RACE, Q(UIT?
d 100-16A

0100 01000075 001E0500 0090016F A0161900
0110 03050000 90519401 7FA0272B 20033B2F
0120 E500001E 000009FF FFFFFFFF FFFFFFFF
0130 FFFFFFFF FFFFFFFF FFFFFFFF FFFFFFFF
0140 FFFFFFFF FFFFFFFF FFFFFFFF FFFFFFFF
0150 FFFFFFFF FFFFFFFF FFFFFFFF FFFFFFFF
0160 FFFFFFFF FFFFFFFF FFFFFFFF FFFFFFFF

COMMAND: S(TART, R(UN, E(NTER, D(UMP, H(COUNT, B(KPT, F(ILES, T(RACE, Q(UIT?
b 100

COMMAND: S(TART, R(UN, E(NTER, D(UMP, H(COUNT, B(KPT, F(ILES, T(RACE, Q(UIT?
r
  1000 INSTRUCTIONS EXECUTED
P=000059

COMMAND: S(TART, R(UN, E(NTER, D(UMP, H(COUNT, B(KPT, F(ILES, T(RACE, Q(UIT?
d 100-170

0100 01000075 001E0500 0090016F A0161900
0110 03050000 90519401 7FA0272B 20033B2F
0120 E500001E 00000900 00080000 07000006
0130 00000500 00040000 03000002 0000FFFF
0140 FFFFFFFF FFFFFFFF FFFFFFFF FFFFFFFF
0150 FFFFFFFF FFFFFFFF FFFFFFFF FFFFFFFF
0160 FFFFFFFF FFFFFFFF FFFFFFFF FFFFFFFF
0170 FFFFFFFF FFFFFFFF FFFFFFFF FFFFFFFF

COMMAND: S(TART, R(UN, E(NTER, D(UMP, H(COUNT, B(KPT, F(ILES, T(RACE, Q(UIT?
b 150

COMMAND: S(TART, R(UN, E(NTER, D(UMP, H(COUNT, B(KPT, F(ILES, T(RACE, Q(UIT?
r
ILLEGAL MACHINE INSTRUCTION
P=000160

COMMAND: S(TART, R(UN, E(NTER, D(UMP, H(COUNT, B(KPT, F(ILES, T(RACE, Q(UIT?
d 100-170

0100 01000075 001E0500 0090016F A0161900
0110 03050000 90519401 7FA0272B 20033B2F
0120 E500001E 00000900 00080000 07000006	.Numbers printed forward are located from  0124 to 142
0130 00000500 00040000 03000002 00000100
0140 00000000 00000001 00000200 00030000	.Numbers printed in reverse are located from 142 to 160
0150 04000005 00000600 00070000 08000009
0160 FFFFFFFF FFFFFFFF FFFFFFFF FFFFFFFF
0170 FFFFFFFF FFFFFFFF FFFFFFFF FFFFFFFF

COMMAND: S(TART, R(UN, E(NTER, D(UMP, H(COUNT, B(KPT, F(ILES, T(RACE, Q(UIT?
q
